[0305/053635.706:ERROR:process_memory_win.cc(73)] ReadMemory at 0x7ff6421f0000 of 64 bytes failed: Only part of a ReadProcessMemory or WriteProcessMemory request was completed. (0x12B)
[0305/053635.707:WARNING:pe_image_reader.cc(340)] could not read dos header from C:\Program Files (x86)\Google\Chrome\Application\chrome.exe
[0305/053635.708:ERROR:process_memory_win.cc(73)] ReadMemory at 0x7fffcb640000 of 64 bytes failed: Only part of a ReadProcessMemory or WriteProcessMemory request was completed. (0x12B)
[0305/053635.708:WARNING:pe_image_reader.cc(340)] could not read dos header from C:\WINDOWS\SYSTEM32\ntdll.dll
[0305/053635.708:ERROR:process_memory_win.cc(73)] ReadMemory at 0x7fffca930000 of 64 bytes failed: Only part of a ReadProcessMemory or WriteProcessMemory request was completed. (0x12B)
[0305/053635.708:WARNING:pe_image_reader.cc(340)] could not read dos header from C:\WINDOWS\System32\KERNEL32.DLL
[0305/053635.708:ERROR:process_memory_win.cc(73)] ReadMemory at 0x7fffc89b0000 of 64 bytes failed: Only part of a ReadProcessMemory or WriteProcessMemory request was completed. (0x12B)
[0305/053635.708:WARNING:pe_image_reader.cc(340)] could not read dos header from C:\WINDOWS\System32\KERNELBASE.dll
[0305/053635.708:ERROR:process_memory_win.cc(73)] ReadMemory at 0x7fffbbff0000 of 64 bytes failed: Only part of a ReadProcessMemory or WriteProcessMemory request was completed. (0x12B)
[0305/053635.708:WARNING:pe_image_reader.cc(340)] could not read dos header from C:\Program Files (x86)\Google\Chrome\Application\80.0.3987.132\chrome_elf.dll
[0305/053635.708:ERROR:process_memory_win.cc(73)] ReadMemory at 0x7fffc2cd0000 of 64 bytes failed: Only part of a ReadProcessMemory or WriteProcessMemory request was completed. (0x12B)
[0305/053635.708:WARNING:pe_image_reader.cc(340)] could not read dos header from C:\WINDOWS\SYSTEM32\VERSION.dll
[0305/053635.708:ERROR:process_memory_win.cc(73)] ReadMemory at 0x7fffcb560000 of 64 bytes failed: Only part of a ReadProcessMemory or WriteProcessMemory request was completed. (0x12B)
[0305/053635.708:WARNING:pe_image_reader.cc(340)] could not read dos header from C:\WINDOWS\System32\msvcrt.dll
[0305/053635.708:ERROR:process_memory_win.cc(73)] ReadMemory at 0x7fffc8ea0000 of 64 bytes failed: Only part of a ReadProcessMemory or WriteProcessMemory request was completed. (0x12B)
[0305/053635.708:WARNING:pe_image_reader.cc(340)] could not read dos header from C:\WINDOWS\System32\bcryptPrimitives.dll
[0305/053635.708:ERROR:process_memory_win.cc(73)] ReadMemory at 0x7fffcac10000 of 64 bytes failed: Only part of a ReadProcessMemory or WriteProcessMemory request was completed. (0x12B)
[0305/053635.708:WARNING:pe_image_reader.cc(340)] could not read dos header from C:\WINDOWS\System32\ADVAPI32.dll
[0305/053635.708:ERROR:process_memory_win.cc(73)] ReadMemory at 0x7fffca250000 of 64 bytes failed: Only part of a ReadProcessMemory or WriteProcessMemory request was completed. (0x12B)
[0305/053635.708:WARNING:pe_image_reader.cc(340)] could not read dos header from C:\WINDOWS\System32\sechost.dll
[0305/053635.708:ERROR:process_memory_win.cc(73)] ReadMemory at 0x7fffc96f0000 of 64 bytes failed: Only part of a ReadProcessMemory or WriteProcessMemory request was completed. (0x12B)
[0305/053635.708:WARNING:pe_image_reader.cc(340)] could not read dos header from C:\WINDOWS\System32\RPCRT4.dll
[0305/053635.708:ERROR:process_memory_win.cc(73)] ReadMemory at 0x7fff642e0000 of 64 bytes failed: Only part of a ReadProcessMemory or WriteProcessMemory request was completed. (0x12B)
[0305/053635.708:WARNING:pe_image_reader.cc(340)] could not read dos header from C:\Program Files (x86)\Google\Chrome\Application\80.0.3987.132\chrome.dll
[0305/053635.708:ERROR:process_memory_win.cc(73)] ReadMemory at 0x7fffcaba0000 of 64 bytes failed: Only part of a ReadProcessMemory or WriteProcessMemory request was completed. (0x12B)
[0305/053635.708:WARNING:pe_image_reader.cc(340)] could not read dos header from C:\WINDOWS\System32\WS2_32.dll
[0305/053635.708:ERROR:process_memory_win.cc(73)] ReadMemory at 0x7fffca040000 of 64 bytes failed: Only part of a ReadProcessMemory or WriteProcessMemory request was completed. (0x12B)
[0305/053635.709:WARNING:pe_image_reader.cc(340)] could not read dos header from C:\WINDOWS\System32\OLEAUT32.dll
[0305/053635.709:ERROR:process_memory_win.cc(73)] ReadMemory at 0x7fffc8c60000 of 64 bytes failed: Only part of a ReadProcessMemory or WriteProcessMemory request was completed. (0x12B)
[0305/053635.709:WARNING:pe_image_reader.cc(340)] could not read dos header from C:\WINDOWS\System32\msvcp_win.dll
[0305/053635.709:ERROR:process_memory_win.cc(73)] ReadMemory at 0x7fffc8750000 of 64 bytes failed: Only part of a ReadProcessMemory or WriteProcessMemory request was completed. (0x12B)
[0305/053635.709:WARNING:pe_image_reader.cc(340)] could not read dos header from C:\WINDOWS\System32\ucrtbase.dll
[0305/053635.709:ERROR:process_memory_win.cc(73)] ReadMemory at 0x7fffca490000 of 64 bytes failed: Only part of a ReadProcessMemory or WriteProcessMemory request was completed. (0x12B)
[0305/053635.709:WARNING:pe_image_reader.cc(340)] could not read dos header from C:\WINDOWS\System32\combase.dll
[0305/053635.709:ERROR:process_memory_win.cc(73)] ReadMemory at 0x7fffc8950000 of 64 bytes failed: Only part of a ReadProcessMemory or WriteProcessMemory request was completed. (0x12B)
[0305/053635.709:WARNING:pe_image_reader.cc(340)] could not read dos header from C:\WINDOWS\System32\WINTRUST.dll
[0305/053635.709:ERROR:process_memory_win.cc(73)] ReadMemory at 0x7fffc8520000 of 64 bytes failed: Only part of a ReadProcessMemory or WriteProcessMemory request was completed. (0x12B)
[0305/053635.709:WARNING:pe_image_reader.cc(340)] could not read dos header from C:\WINDOWS\System32\MSASN1.dll
[0305/053635.709:ERROR:process_memory_win.cc(73)] ReadMemory at 0x7fffc8600000 of 64 bytes failed: Only part of a ReadProcessMemory or WriteProcessMemory request was completed. (0x12B)
[0305/053635.709:WARNING:pe_image_reader.cc(340)] could not read dos header from C:\WINDOWS\System32\CRYPT32.dll
[0305/053635.709:ERROR:process_memory_win.cc(73)] ReadMemory at 0x7fffc7a30000 of 64 bytes failed: Only part of a ReadProcessMemory or WriteProcessMemory request was completed. (0x12B)
[0305/053635.709:WARNING:pe_image_reader.cc(340)] could not read dos header from C:\WINDOWS\SYSTEM32\IPHLPAPI.DLL
[0305/053635.709:ERROR:process_memory_win.cc(73)] ReadMemory at 0x7fffc3aa0000 of 64 bytes failed: Only part of a ReadProcessMemory or WriteProcessMemory request was completed. (0x12B)
[0305/053635.709:WARNING:pe_image_reader.cc(340)] could not read dos header from C:\WINDOWS\SYSTEM32\WINMM.dll
[0305/053635.709:ERROR:process_memory_win.cc(73)] ReadMemory at 0x7fffc46f0000 of 64 bytes failed: Only part of a ReadProcessMemory or WriteProcessMemory request was completed. (0x12B)
[0305/053635.709:WARNING:pe_image_reader.cc(340)] could not read dos header from C:\WINDOWS\SYSTEM32\Secur32.dll
[0305/053635.709:ERROR:process_memory_win.cc(73)] ReadMemory at 0x7fffc8430000 of 64 bytes failed: Only part of a ReadProcessMemory or WriteProcessMemory request was completed. (0x12B)
[0305/053635.709:WARNING:pe_image_reader.cc(340)] could not read dos header from C:\WINDOWS\SYSTEM32\USERENV.dll
[0305/053635.709:ERROR:process_memory_win.cc(73)] ReadMemory at 0x7fffc8560000 of 64 bytes failed: Only part of a ReadProcessMemory or WriteProcessMemory request was completed. (0x12B)
[0305/053635.709:WARNING:pe_image_reader.cc(340)] could not read dos header from C:\WINDOWS\System32\profapi.dll
[0305/053635.709:ERROR:process_memory_win.cc(73)] ReadMemory at 0x7fffad9a0000 of 64 bytes failed: Only part of a ReadProcessMemory or WriteProcessMemory request was completed. (0x12B)
[0305/053635.709:WARNING:pe_image_reader.cc(340)] could not read dos header from C:\WINDOWS\SYSTEM32\UIAutomationCore.DLL
[0305/053635.709:ERROR:process_memory_win.cc(73)] ReadMemory at 0x7fffb09f0000 of 64 bytes failed: Only part of a ReadProcessMemory or WriteProcessMemory request was completed. (0x12B)
[0305/053635.709:WARNING:pe_image_reader.cc(340)] could not read dos header from C:\WINDOWS\SYSTEM32\DWrite.dll
[0305/053635.709:ERROR:process_memory_win.cc(73)] ReadMemory at 0x7fffadfb0000 of 64 bytes failed: Only part of a ReadProcessMemory or WriteProcessMemory request was completed. (0x12B)
[0305/053635.709:WARNING:pe_image_reader.cc(340)] could not read dos header from C:\WINDOWS\SYSTEM32\WINSPOOL.DRV
[0305/053635.709:ERROR:process_memory_win.cc(73)] ReadMemory at 0x7fffc8540000 of 64 bytes failed: Only part of a ReadProcessMemory or WriteProcessMemory request was completed. (0x12B)
[0305/053635.709:WARNING:pe_image_reader.cc(340)] could not read dos header from C:\WINDOWS\System32\kernel.appcore.dll
[0305/053635.709:ERROR:process_memory_win.cc(73)] ReadMemory at 0x7fffc8920000 of 64 bytes failed: Only part of a ReadProcessMemory or WriteProcessMemory request was completed. (0x12B)
[0305/053635.709:WARNING:pe_image_reader.cc(340)] could not read dos header from C:\WINDOWS\System32\bcrypt.dll
[0305/053635.709:ERROR:process_memory_win.cc(73)] ReadMemory at 0x7fffb6540000 of 64 bytes failed: Only part of a ReadProcessMemory or WriteProcessMemory request was completed. (0x12B)
[0305/053635.709:WARNING:pe_image_reader.cc(340)] could not read dos header from C:\WINDOWS\SYSTEM32\dbghelp.dll
[0305/053635.709:ERROR:process_memory_win.cc(73)] ReadMemory at 0x7fffbaba0000 of 64 bytes failed: Only part of a ReadProcessMemory or WriteProcessMemory request was completed. (0x12B)
[0305/053635.709:WARNING:pe_image_reader.cc(340)] could not read dos header from C:\WINDOWS\SYSTEM32\WINHTTP.dll
[0305/053635.710:ERROR:process_memory_win.cc(73)] ReadMemory at 0x7fffc17a0000 of 64 bytes failed: Only part of a ReadProcessMemory or WriteProcessMemory request was completed. (0x12B)
[0305/053635.710:WARNING:pe_image_reader.cc(340)] could not read dos header from C:\WINDOWS\SYSTEM32\dhcpcsvc.DLL
[0305/053635.710:ERROR:process_memory_win.cc(73)] ReadMemory at 0x7fffca1e0000 of 64 bytes failed: Only part of a ReadProcessMemory or WriteProcessMemory request was completed. (0x12B)
[0305/053635.710:WARNING:pe_image_reader.cc(340)] could not read dos header from C:\WINDOWS\System32\NSI.dll
[0305/053635.710:ERROR:process_memory_win.cc(73)] ReadMemory at 0x7fffc3a70000 of 64 bytes failed: Only part of a ReadProcessMemory or WriteProcessMemory request was completed. (0x12B)
[0305/053635.710:WARNING:pe_image_reader.cc(340)] could not read dos header from C:\WINDOWS\SYSTEM32\WINMMBASE.dll
[0305/053635.710:ERROR:process_memory_win.cc(73)] ReadMemory at 0x7fffc96a0000 of 64 bytes failed: Only part of a ReadProcessMemory or WriteProcessMemory request was completed. (0x12B)
[0305/053635.710:WARNING:pe_image_reader.cc(340)] could not read dos header from C:\WINDOWS\System32\cfgmgr32.dll
[0305/053635.710:ERROR:process_memory_win.cc(73)] ReadMemory at 0x7fffc4600000 of 64 bytes failed: Only part of a ReadProcessMemory or WriteProcessMemory request was completed. (0x12B)
[0305/053635.710:WARNING:pe_image_reader.cc(340)] could not read dos header from C:\WINDOWS\SYSTEM32\PROPSYS.dll
[0305/053635.710:ERROR:process_memory_win.cc(73)] ReadMemory at 0x7fffc9f90000 of 64 bytes failed: Only part of a ReadProcessMemory or WriteProcessMemory request was completed. (0x12B)
[0305/053635.710:WARNING:pe_image_reader.cc(340)] could not read dos header from C:\WINDOWS\System32\shcore.dll
[0305/053635.710:ERROR:process_memory_win.cc(73)] ReadMemory at 0x7fffc8400000 of 64 bytes failed: Only part of a ReadProcessMemory or WriteProcessMemory request was completed. (0x12B)
[0305/053635.710:WARNING:pe_image_reader.cc(340)] could not read dos header from C:\WINDOWS\SYSTEM32\SSPICLI.DLL
[0305/053635.710:ERROR:process_memory_win.cc(73)] ReadMemory at 0x7fffc83f0000 of 64 bytes failed: Only part of a ReadProcessMemory or WriteProcessMemory request was completed. (0x12B)
[0305/053635.710:WARNING:pe_image_reader.cc(340)] could not read dos header from C:\WINDOWS\SYSTEM32\CRYPTBASE.DLL
[0305/053635.710:ERROR:process_memory_win.cc(73)] ReadMemory at 0x7ff6421f0000 of 64 bytes failed: Only part of a ReadProcessMemory or WriteProcessMemory request was completed. (0x12B)
[0305/053635.710:WARNING:pe_image_reader.cc(340)] could not read dos header from C:\Program Files (x86)\Google\Chrome\Application\chrome.exe
[0305/053635.710:ERROR:process_memory_win.cc(73)] ReadMemory at 0x7fffcb640000 of 64 bytes failed: Only part of a ReadProcessMemory or WriteProcessMemory request was completed. (0x12B)
[0305/053635.710:WARNING:pe_image_reader.cc(340)] could not read dos header from C:\WINDOWS\SYSTEM32\ntdll.dll
[0305/053635.710:ERROR:process_memory_win.cc(73)] ReadMemory at 0x7fffca930000 of 64 bytes failed: Only part of a ReadProcessMemory or WriteProcessMemory request was completed. (0x12B)
[0305/053635.710:WARNING:pe_image_reader.cc(340)] could not read dos header from C:\WINDOWS\System32\KERNEL32.DLL
[0305/053635.710:ERROR:process_memory_win.cc(73)] ReadMemory at 0x7fffc89b0000 of 64 bytes failed: Only part of a ReadProcessMemory or WriteProcessMemory request was completed. (0x12B)
[0305/053635.710:WARNING:pe_image_reader.cc(340)] could not read dos header from C:\WINDOWS\System32\KERNELBASE.dll
[0305/053635.710:ERROR:process_memory_win.cc(73)] ReadMemory at 0x7fffbbff0000 of 64 bytes failed: Only part of a ReadProcessMemory or WriteProcessMemory request was completed. (0x12B)
[0305/053635.710:WARNING:pe_image_reader.cc(340)] could not read dos header from C:\Program Files (x86)\Google\Chrome\Application\80.0.3987.132\chrome_elf.dll
[0305/053635.710:ERROR:process_memory_win.cc(73)] ReadMemory at 0x7fffc2cd0000 of 64 bytes failed: Only part of a ReadProcessMemory or WriteProcessMemory request was completed. (0x12B)
[0305/053635.710:WARNING:pe_image_reader.cc(340)] could not read dos header from C:\WINDOWS\SYSTEM32\VERSION.dll
[0305/053635.710:ERROR:process_memory_win.cc(73)] ReadMemory at 0x7fffcb560000 of 64 bytes failed: Only part of a ReadProcessMemory or WriteProcessMemory request was completed. (0x12B)
[0305/053635.710:WARNING:pe_image_reader.cc(340)] could not read dos header from C:\WINDOWS\System32\msvcrt.dll
[0305/053635.710:ERROR:process_memory_win.cc(73)] ReadMemory at 0x7fffc8ea0000 of 64 bytes failed: Only part of a ReadProcessMemory or WriteProcessMemory request was completed. (0x12B)
[0305/053635.710:WARNING:pe_image_reader.cc(340)] could not read dos header from C:\WINDOWS\System32\bcryptPrimitives.dll
[0305/053635.710:ERROR:process_memory_win.cc(73)] ReadMemory at 0x7fffcac10000 of 64 bytes failed: Only part of a ReadProcessMemory or WriteProcessMemory request was completed. (0x12B)
[0305/053635.710:WARNING:pe_image_reader.cc(340)] could not read dos header from C:\WINDOWS\System32\ADVAPI32.dll
[0305/053635.710:ERROR:process_memory_win.cc(73)] ReadMemory at 0x7fffca250000 of 64 bytes failed: Only part of a ReadProcessMemory or WriteProcessMemory request was completed. (0x12B)
[0305/053635.710:WARNING:pe_image_reader.cc(340)] could not read dos header from C:\WINDOWS\System32\sechost.dll
[0305/053635.710:ERROR:process_memory_win.cc(73)] ReadMemory at 0x7fffc96f0000 of 64 bytes failed: Only part of a ReadProcessMemory or WriteProcessMemory request was completed. (0x12B)
[0305/053635.710:WARNING:pe_image_reader.cc(340)] could not read dos header from C:\WINDOWS\System32\RPCRT4.dll
[0305/053635.710:ERROR:process_memory_win.cc(73)] ReadMemory at 0x7fff642e0000 of 64 bytes failed: Only part of a ReadProcessMemory or WriteProcessMemory request was completed. (0x12B)
[0305/053635.710:WARNING:pe_image_reader.cc(340)] could not read dos header from C:\Program Files (x86)\Google\Chrome\Application\80.0.3987.132\chrome.dll
[0305/053635.710:ERROR:process_memory_win.cc(73)] ReadMemory at 0x7fffcaba0000 of 64 bytes failed: Only part of a ReadProcessMemory or WriteProcessMemory request was completed. (0x12B)
[0305/053635.710:WARNING:pe_image_reader.cc(340)] could not read dos header from C:\WINDOWS\System32\WS2_32.dll
[0305/053635.711:ERROR:process_memory_win.cc(73)] ReadMemory at 0x7fffca040000 of 64 bytes failed: Only part of a ReadProcessMemory or WriteProcessMemory request was completed. (0x12B)
[0305/053635.711:WARNING:pe_image_reader.cc(340)] could not read dos header from C:\WINDOWS\System32\OLEAUT32.dll
[0305/053635.711:ERROR:process_memory_win.cc(73)] ReadMemory at 0x7fffc8c60000 of 64 bytes failed: Only part of a ReadProcessMemory or WriteProcessMemory request was completed. (0x12B)
[0305/053635.711:WARNING:pe_image_reader.cc(340)] could not read dos header from C:\WINDOWS\System32\msvcp_win.dll
[0305/053635.711:ERROR:process_memory_win.cc(73)] ReadMemory at 0x7fffc8750000 of 64 bytes failed: Only part of a ReadProcessMemory or WriteProcessMemory request was completed. (0x12B)
[0305/053635.711:WARNING:pe_image_reader.cc(340)] could not read dos header from C:\WINDOWS\System32\ucrtbase.dll
[0305/053635.711:ERROR:process_memory_win.cc(73)] ReadMemory at 0x7fffca490000 of 64 bytes failed: Only part of a ReadProcessMemory or WriteProcessMemory request was completed. (0x12B)
[0305/053635.711:WARNING:pe_image_reader.cc(340)] could not read dos header from C:\WINDOWS\System32\combase.dll
[0305/053635.711:ERROR:process_memory_win.cc(73)] ReadMemory at 0x7fffc8950000 of 64 bytes failed: Only part of a ReadProcessMemory or WriteProcessMemory request was completed. (0x12B)
[0305/053635.711:WARNING:pe_image_reader.cc(340)] could not read dos header from C:\WINDOWS\System32\WINTRUST.dll
[0305/053635.711:ERROR:process_memory_win.cc(73)] ReadMemory at 0x7fffc8520000 of 64 bytes failed: Only part of a ReadProcessMemory or WriteProcessMemory request was completed. (0x12B)
[0305/053635.711:WARNING:pe_image_reader.cc(340)] could not read dos header from C:\WINDOWS\System32\MSASN1.dll
[0305/053635.711:ERROR:process_memory_win.cc(73)] ReadMemory at 0x7fffc8600000 of 64 bytes failed: Only part of a ReadProcessMemory or WriteProcessMemory request was completed. (0x12B)
[0305/053635.711:WARNING:pe_image_reader.cc(340)] could not read dos header from C:\WINDOWS\System32\CRYPT32.dll
[0305/053635.711:ERROR:process_memory_win.cc(73)] ReadMemory at 0x7fffc7a30000 of 64 bytes failed: Only part of a ReadProcessMemory or WriteProcessMemory request was completed. (0x12B)
[0305/053635.711:WARNING:pe_image_reader.cc(340)] could not read dos header from C:\WINDOWS\SYSTEM32\IPHLPAPI.DLL
[0305/053635.711:ERROR:process_memory_win.cc(73)] ReadMemory at 0x7fffc3aa0000 of 64 bytes failed: Only part of a ReadProcessMemory or WriteProcessMemory request was completed. (0x12B)
[0305/053635.711:WARNING:pe_image_reader.cc(340)] could not read dos header from C:\WINDOWS\SYSTEM32\WINMM.dll
[0305/053635.711:ERROR:process_memory_win.cc(73)] ReadMemory at 0x7fffc46f0000 of 64 bytes failed: Only part of a ReadProcessMemory or WriteProcessMemory request was completed. (0x12B)
[0305/053635.711:WARNING:pe_image_reader.cc(340)] could not read dos header from C:\WINDOWS\SYSTEM32\Secur32.dll
[0305/053635.711:ERROR:process_memory_win.cc(73)] ReadMemory at 0x7fffc8430000 of 64 bytes failed: Only part of a ReadProcessMemory or WriteProcessMemory request was completed. (0x12B)
[0305/053635.711:WARNING:pe_image_reader.cc(340)] could not read dos header from C:\WINDOWS\SYSTEM32\USERENV.dll
[0305/053635.711:ERROR:process_memory_win.cc(73)] ReadMemory at 0x7fffc8560000 of 64 bytes failed: Only part of a ReadProcessMemory or WriteProcessMemory request was completed. (0x12B)
[0305/053635.711:WARNING:pe_image_reader.cc(340)] could not read dos header from C:\WINDOWS\System32\profapi.dll
[0305/053635.711:ERROR:process_memory_win.cc(73)] ReadMemory at 0x7fffad9a0000 of 64 bytes failed: Only part of a ReadProcessMemory or WriteProcessMemory request was completed. (0x12B)
[0305/053635.711:WARNING:pe_image_reader.cc(340)] could not read dos header from C:\WINDOWS\SYSTEM32\UIAutomationCore.DLL
[0305/053635.711:ERROR:process_memory_win.cc(73)] ReadMemory at 0x7fffb09f0000 of 64 bytes failed: Only part of a ReadProcessMemory or WriteProcessMemory request was completed. (0x12B)
[0305/053635.711:WARNING:pe_image_reader.cc(340)] could not read dos header from C:\WINDOWS\SYSTEM32\DWrite.dll
[0305/053635.711:ERROR:process_memory_win.cc(73)] ReadMemory at 0x7fffadfb0000 of 64 bytes failed: Only part of a ReadProcessMemory or WriteProcessMemory request was completed. (0x12B)
[0305/053635.711:WARNING:pe_image_reader.cc(340)] could not read dos header from C:\WINDOWS\SYSTEM32\WINSPOOL.DRV
[0305/053635.711:ERROR:process_memory_win.cc(73)] ReadMemory at 0x7fffc8540000 of 64 bytes failed: Only part of a ReadProcessMemory or WriteProcessMemory request was completed. (0x12B)
[0305/053635.711:WARNING:pe_image_reader.cc(340)] could not read dos header from C:\WINDOWS\System32\kernel.appcore.dll
[0305/053635.711:ERROR:process_memory_win.cc(73)] ReadMemory at 0x7fffc8920000 of 64 bytes failed: Only part of a ReadProcessMemory or WriteProcessMemory request was completed. (0x12B)
[0305/053635.711:WARNING:pe_image_reader.cc(340)] could not read dos header from C:\WINDOWS\System32\bcrypt.dll
[0305/053635.711:ERROR:process_memory_win.cc(73)] ReadMemory at 0x7fffb6540000 of 64 bytes failed: Only part of a ReadProcessMemory or WriteProcessMemory request was completed. (0x12B)
[0305/053635.711:WARNING:pe_image_reader.cc(340)] could not read dos header from C:\WINDOWS\SYSTEM32\dbghelp.dll
[0305/053635.711:ERROR:process_memory_win.cc(73)] ReadMemory at 0x7fffbaba0000 of 64 bytes failed: Only part of a ReadProcessMemory or WriteProcessMemory request was completed. (0x12B)
[0305/053635.711:WARNING:pe_image_reader.cc(340)] could not read dos header from C:\WINDOWS\SYSTEM32\WINHTTP.dll
[0305/053635.712:ERROR:process_memory_win.cc(73)] ReadMemory at 0x7fffc17a0000 of 64 bytes failed: Only part of a ReadProcessMemory or WriteProcessMemory request was completed. (0x12B)
[0305/053635.712:WARNING:pe_image_reader.cc(340)] could not read dos header from C:\WINDOWS\SYSTEM32\dhcpcsvc.DLL
[0305/053635.712:ERROR:process_memory_win.cc(73)] ReadMemory at 0x7fffca1e0000 of 64 bytes failed: Only part of a ReadProcessMemory or WriteProcessMemory request was completed. (0x12B)
[0305/053635.712:WARNING:pe_image_reader.cc(340)] could not read dos header from C:\WINDOWS\System32\NSI.dll
[0305/053635.712:ERROR:process_memory_win.cc(73)] ReadMemory at 0x7fffc3a70000 of 64 bytes failed: Only part of a ReadProcessMemory or WriteProcessMemory request was completed. (0x12B)
[0305/053635.712:WARNING:pe_image_reader.cc(340)] could not read dos header from C:\WINDOWS\SYSTEM32\WINMMBASE.dll
[0305/053635.712:ERROR:process_memory_win.cc(73)] ReadMemory at 0x7fffc96a0000 of 64 bytes failed: Only part of a ReadProcessMemory or WriteProcessMemory request was completed. (0x12B)
[0305/053635.712:WARNING:pe_image_reader.cc(340)] could not read dos header from C:\WINDOWS\System32\cfgmgr32.dll
[0305/053635.712:ERROR:process_memory_win.cc(73)] ReadMemory at 0x7fffc4600000 of 64 bytes failed: Only part of a ReadProcessMemory or WriteProcessMemory request was completed. (0x12B)
[0305/053635.712:WARNING:pe_image_reader.cc(340)] could not read dos header from C:\WINDOWS\SYSTEM32\PROPSYS.dll
[0305/053635.712:ERROR:process_memory_win.cc(73)] ReadMemory at 0x7fffc9f90000 of 64 bytes failed: Only part of a ReadProcessMemory or WriteProcessMemory request was completed. (0x12B)
[0305/053635.712:WARNING:pe_image_reader.cc(340)] could not read dos header from C:\WINDOWS\System32\shcore.dll
[0305/053635.712:ERROR:process_memory_win.cc(73)] ReadMemory at 0x7fffc8400000 of 64 bytes failed: Only part of a ReadProcessMemory or WriteProcessMemory request was completed. (0x12B)
[0305/053635.712:WARNING:pe_image_reader.cc(340)] could not read dos header from C:\WINDOWS\SYSTEM32\SSPICLI.DLL
[0305/053635.712:ERROR:process_memory_win.cc(73)] ReadMemory at 0x7fffc83f0000 of 64 bytes failed: Only part of a ReadProcessMemory or WriteProcessMemory request was completed. (0x12B)
[0305/053635.712:WARNING:pe_image_reader.cc(340)] could not read dos header from C:\WINDOWS\SYSTEM32\CRYPTBASE.DLL
[0305/053635.721:ERROR:process_memory_win.cc(73)] ReadMemory at 0xc8235f9000 of 28672 bytes failed: Only part of a ReadProcessMemory or WriteProcessMemory request was completed. (0x12B)
[0305/053635.721:ERROR:process_memory_win.cc(73)] ReadMemory at 0xc823dfd000 of 12288 bytes failed: Only part of a ReadProcessMemory or WriteProcessMemory request was completed. (0x12B)
[0305/053635.721:ERROR:process_memory_win.cc(73)] ReadMemory at 0xc8245fd000 of 12288 bytes failed: Only part of a ReadProcessMemory or WriteProcessMemory request was completed. (0x12B)
[0305/053635.721:ERROR:process_memory_win.cc(73)] ReadMemory at 0xc824dfc000 of 16384 bytes failed: Only part of a ReadProcessMemory or WriteProcessMemory request was completed. (0x12B)
[0305/053635.722:ERROR:process_memory_win.cc(73)] ReadMemory at 0xc8255fc000 of 16384 bytes failed: Only part of a ReadProcessMemory or WriteProcessMemory request was completed. (0x12B)
[0305/053635.722:ERROR:process_memory_win.cc(73)] ReadMemory at 0xc825dff000 of 4096 bytes failed: Only part of a ReadProcessMemory or WriteProcessMemory request was completed. (0x12B)
[0305/053635.722:ERROR:process_memory_win.cc(73)] ReadMemory at 0xc8265fd000 of 12288 bytes failed: Only part of a ReadProcessMemory or WriteProcessMemory request was completed. (0x12B)
[0305/053635.722:ERROR:process_memory_win.cc(73)] ReadMemory at 0xc826dfd000 of 12288 bytes failed: Only part of a ReadProcessMemory or WriteProcessMemory request was completed. (0x12B)
[0305/053635.722:ERROR:process_memory_win.cc(73)] ReadMemory at 0xc8275fd000 of 12288 bytes failed: Only part of a ReadProcessMemory or WriteProcessMemory request was completed. (0x12B)
[0305/053635.722:ERROR:process_memory_win.cc(73)] ReadMemory at 0xc827dfd000 of 12288 bytes failed: Only part of a ReadProcessMemory or WriteProcessMemory request was completed. (0x12B)
[0305/053635.722:ERROR:process_memory_win.cc(73)] ReadMemory at 0xc8285fd000 of 12288 bytes failed: Only part of a ReadProcessMemory or WriteProcessMemory request was completed. (0x12B)
[0305/053635.722:ERROR:process_memory_win.cc(73)] ReadMemory at 0xc828dfd000 of 12288 bytes failed: Only part of a ReadProcessMemory or WriteProcessMemory request was completed. (0x12B)
[0305/053635.722:ERROR:process_memory_win.cc(73)] ReadMemory at 0xc8295fd000 of 12288 bytes failed: Only part of a ReadProcessMemory or WriteProcessMemory request was completed. (0x12B)
[0305/053635.722:ERROR:process_memory_win.cc(73)] ReadMemory at 0xc829dfd000 of 12288 bytes failed: Only part of a ReadProcessMemory or WriteProcessMemory request was completed. (0x12B)
[0305/053635.722:ERROR:process_memory_win.cc(73)] ReadMemory at 0xc82a5fd000 of 12288 bytes failed: Only part of a ReadProcessMemory or WriteProcessMemory request was completed. (0x12B)
[0305/053635.723:ERROR:process_memory_win.cc(73)] ReadMemory at 0xc82adfd000 of 12288 bytes failed: Only part of a ReadProcessMemory or WriteProcessMemory request was completed. (0x12B)
[0305/053635.723:ERROR:process_memory_win.cc(73)] ReadMemory at 0xc822c40000 of 852 bytes failed: Only part of a ReadProcessMemory or WriteProcessMemory request was completed. (0x12B)
[0305/053635.723:ERROR:process_memory_win.cc(73)] ReadMemory at 0xc822c41000 of 6024 bytes failed: Only part of a ReadProcessMemory or WriteProcessMemory request was completed. (0x12B)
[0305/053635.723:ERROR:process_memory_win.cc(73)] ReadMemory at 0xc822c43000 of 6024 bytes failed: Only part of a ReadProcessMemory or WriteProcessMemory request was completed. (0x12B)
[0305/053635.723:ERROR:process_memory_win.cc(73)] ReadMemory at 0xc822c45000 of 6024 bytes failed: Only part of a ReadProcessMemory or WriteProcessMemory request was completed. (0x12B)
[0305/053635.723:ERROR:process_memory_win.cc(73)] ReadMemory at 0xc822c47000 of 6024 bytes failed: Only part of a ReadProcessMemory or WriteProcessMemory request was completed. (0x12B)
[0305/053635.723:ERROR:process_memory_win.cc(73)] ReadMemory at 0xc822c49000 of 6024 bytes failed: Only part of a ReadProcessMemory or WriteProcessMemory request was completed. (0x12B)
[0305/053635.723:ERROR:process_memory_win.cc(73)] ReadMemory at 0xc822c4b000 of 6024 bytes failed: Only part of a ReadProcessMemory or WriteProcessMemory request was completed. (0x12B)
[0305/053635.723:ERROR:process_memory_win.cc(73)] ReadMemory at 0xc822c4d000 of 6024 bytes failed: Only part of a ReadProcessMemory or WriteProcessMemory request was completed. (0x12B)
[0305/053635.723:ERROR:process_memory_win.cc(73)] ReadMemory at 0xc822c4f000 of 6024 bytes failed: Only part of a ReadProcessMemory or WriteProcessMemory request was completed. (0x12B)
[0305/053635.724:ERROR:process_memory_win.cc(73)] ReadMemory at 0xc822c51000 of 6024 bytes failed: Only part of a ReadProcessMemory or WriteProcessMemory request was completed. (0x12B)
[0305/053635.724:ERROR:process_memory_win.cc(73)] ReadMemory at 0xc822c53000 of 6024 bytes failed: Only part of a ReadProcessMemory or WriteProcessMemory request was completed. (0x12B)
[0305/053635.724:ERROR:process_memory_win.cc(73)] ReadMemory at 0xc822c55000 of 6024 bytes failed: Only part of a ReadProcessMemory or WriteProcessMemory request was completed. (0x12B)
[0305/053635.724:ERROR:process_memory_win.cc(73)] ReadMemory at 0xc822c57000 of 6024 bytes failed: Only part of a ReadProcessMemory or WriteProcessMemory request was completed. (0x12B)
[0305/053635.724:ERROR:process_memory_win.cc(73)] ReadMemory at 0xc822c59000 of 6024 bytes failed: Only part of a ReadProcessMemory or WriteProcessMemory request was completed. (0x12B)
[0305/053635.724:ERROR:process_memory_win.cc(73)] ReadMemory at 0xc822c5b000 of 6024 bytes failed: Only part of a ReadProcessMemory or WriteProcessMemory request was completed. (0x12B)
[0305/053635.725:ERROR:process_memory_win.cc(73)] ReadMemory at 0xc822c5d000 of 6024 bytes failed: Only part of a ReadProcessMemory or WriteProcessMemory request was completed. (0x12B)
[0305/053635.725:ERROR:process_memory_win.cc(73)] ReadMemory at 0xc822c5f000 of 6024 bytes failed: Only part of a ReadProcessMemory or WriteProcessMemory request was completed. (0x12B)
[0305/053635.725:ERROR:process_memory_win.cc(73)] ReadMemory at 0x2093ea00750 of 80 bytes failed: Only part of a ReadProcessMemory or WriteProcessMemory request was completed. (0x12B)
[0305/053635.725:ERROR:process_memory_win.cc(73)] ReadMemory at 0x2093ea00fe0 of 15956 bytes failed: Only part of a ReadProcessMemory or WriteProcessMemory request was completed. (0x12B)
[0305/053635.725:ERROR:process_memory_win.cc(73)] ReadMemory at 0x2093ea04e40 of 1012 bytes failed: Only part of a ReadProcessMemory or WriteProcessMemory request was completed. (0x12B)
[0305/053635.725:ERROR:process_memory_win.cc(73)] ReadMemory at 0x2093ea05488 of 118 bytes failed: Only part of a ReadProcessMemory or WriteProcessMemory request was completed. (0x12B)
[0305/053635.725:ERROR:process_memory_win.cc(73)] ReadMemory at 0x2093ea05500 of 754 bytes failed: Only part of a ReadProcessMemory or WriteProcessMemory request was completed. (0x12B)
[0305/053635.725:ERROR:process_memory_win.cc(73)] ReadMemory at 0x2093ea057f4 of 118 bytes failed: Only part of a ReadProcessMemory or WriteProcessMemory request was completed. (0x12B)
[0305/053635.725:ERROR:process_memory_win.cc(73)] ReadMemory at 0x2093ea0586c of 100 bytes failed: Only part of a ReadProcessMemory or WriteProcessMemory request was completed. (0x12B)
[0305/053635.725:ERROR:process_memory_win.cc(73)] ReadMemory at 0x2093ea058e0 of 58 bytes failed: Only part of a ReadProcessMemory or WriteProcessMemory request was completed. (0x12B)
[0305/053635.725:ERROR:process_memory_win.cc(73)] ReadMemory at 0x2093ea059e0 of 132 bytes failed: Only part of a ReadProcessMemory or WriteProcessMemory request was completed. (0x12B)
[0305/053635.726:ERROR:process_memory_win.cc(73)] ReadMemory at 0x2093ea05b70 of 132 bytes failed: Only part of a ReadProcessMemory or WriteProcessMemory request was completed. (0x12B)
[0305/053635.726:ERROR:process_memory_win.cc(73)] ReadMemory at 0x2093ea05d30 of 126 bytes failed: Only part of a ReadProcessMemory or WriteProcessMemory request was completed. (0x12B)
[0305/053635.726:ERROR:process_memory_win.cc(73)] ReadMemory at 0x2093ea06110 of 132 bytes failed: Only part of a ReadProcessMemory or WriteProcessMemory request was completed. (0x12B)
[0305/053635.726:ERROR:process_memory_win.cc(73)] ReadMemory at 0x2093ea062a0 of 64 bytes failed: Only part of a ReadProcessMemory or WriteProcessMemory request was completed. (0x12B)
[0305/053635.726:ERROR:process_memory_win.cc(73)] ReadMemory at 0x2093ea06460 of 132 bytes failed: Only part of a ReadProcessMemory or WriteProcessMemory request was completed. (0x12B)
[0305/053635.726:ERROR:process_memory_win.cc(73)] ReadMemory at 0x2093ea06700 of 132 bytes failed: Only part of a ReadProcessMemory or WriteProcessMemory request was completed. (0x12B)
[0305/053635.726:ERROR:process_memory_win.cc(73)] ReadMemory at 0x2093ea06890 of 68 bytes failed: Only part of a ReadProcessMemory or WriteProcessMemory request was completed. (0x12B)
[0305/053635.726:ERROR:process_memory_win.cc(73)] ReadMemory at 0x2093ea07880 of 146 bytes failed: Only part of a ReadProcessMemory or WriteProcessMemory request was completed. (0x12B)
[0305/053635.726:ERROR:process_memory_win.cc(73)] ReadMemory at 0x2093ea07960 of 132 bytes failed: Only part of a ReadProcessMemory or WriteProcessMemory request was completed. (0x12B)
[0305/053635.726:ERROR:process_memory_win.cc(73)] ReadMemory at 0x2093ea07af0 of 154 bytes failed: Only part of a ReadProcessMemory or WriteProcessMemory request was completed. (0x12B)
[0305/053635.726:ERROR:process_memory_win.cc(73)] ReadMemory at 0x2093ea08900 of 62 bytes failed: Only part of a ReadProcessMemory or WriteProcessMemory request was completed. (0x12B)
[0305/053635.726:ERROR:process_memory_win.cc(73)] ReadMemory at 0x2093ea08a60 of 132 bytes failed: Only part of a ReadProcessMemory or WriteProcessMemory request was completed. (0x12B)
[0305/053635.726:ERROR:process_memory_win.cc(73)] ReadMemory at 0x2093ea08bf0 of 60 bytes failed: Only part of a ReadProcessMemory or WriteProcessMemory request was completed. (0x12B)
[0305/053635.726:ERROR:process_memory_win.cc(73)] ReadMemory at 0x2093ea09750 of 132 bytes failed: Only part of a ReadProcessMemory or WriteProcessMemory request was completed. (0x12B)
[0305/053635.726:ERROR:process_memory_win.cc(73)] ReadMemory at 0x2093ea09d10 of 132 bytes failed: Only part of a ReadProcessMemory or WriteProcessMemory request was completed. (0x12B)
[0305/053635.726:ERROR:process_memory_win.cc(73)] ReadMemory at 0x2093ea09e40 of 132 bytes failed: Only part of a ReadProcessMemory or WriteProcessMemory request was completed. (0x12B)
[0305/053635.726:ERROR:process_memory_win.cc(73)] ReadMemory at 0x2093ea0a060 of 132 bytes failed: Only part of a ReadProcessMemory or WriteProcessMemory request was completed. (0x12B)
[0305/053635.727:ERROR:process_memory_win.cc(73)] ReadMemory at 0x2093ea0a3c0 of 132 bytes failed: Only part of a ReadProcessMemory or WriteProcessMemory request was completed. (0x12B)
[0305/053635.727:ERROR:process_memory_win.cc(73)] ReadMemory at 0x2093ea0a560 of 132 bytes failed: Only part of a ReadProcessMemory or WriteProcessMemory request was completed. (0x12B)
[0305/053635.727:ERROR:process_memory_win.cc(73)] ReadMemory at 0x2093ea0d460 of 64 bytes failed: Only part of a ReadProcessMemory or WriteProcessMemory request was completed. (0x12B)
[0305/053635.727:ERROR:process_memory_win.cc(73)] ReadMemory at 0x2093ea0d4b0 of 66 bytes failed: Only part of a ReadProcessMemory or WriteProcessMemory request was completed. (0x12B)
[0305/053635.727:ERROR:process_memory_win.cc(73)] ReadMemory at 0x2093ea0d640 of 60 bytes failed: Only part of a ReadProcessMemory or WriteProcessMemory request was completed. (0x12B)
[0305/053635.727:ERROR:process_memory_win.cc(73)] ReadMemory at 0x2093ea0d6e0 of 62 bytes failed: Only part of a ReadProcessMemory or WriteProcessMemory request was completed. (0x12B)
[0305/053635.727:ERROR:process_memory_win.cc(73)] ReadMemory at 0x2093ea0d730 of 64 bytes failed: Only part of a ReadProcessMemory or WriteProcessMemory request was completed. (0x12B)
[0305/053635.727:ERROR:process_memory_win.cc(73)] ReadMemory at 0x2093ea0d8c0 of 60 bytes failed: Only part of a ReadProcessMemory or WriteProcessMemory request was completed. (0x12B)
[0305/053635.727:ERROR:process_memory_win.cc(73)] ReadMemory at 0x2093ea0d910 of 64 bytes failed: Only part of a ReadProcessMemory or WriteProcessMemory request was completed. (0x12B)
[0305/053635.727:ERROR:process_memory_win.cc(73)] ReadMemory at 0x2093ea0daf0 of 64 bytes failed: Only part of a ReadProcessMemory or WriteProcessMemory request was completed. (0x12B)
[0305/053635.727:ERROR:process_memory_win.cc(73)] ReadMemory at 0x2093ea0db90 of 62 bytes failed: Only part of a ReadProcessMemory or WriteProcessMemory request was completed. (0x12B)
[0305/053635.727:ERROR:process_memory_win.cc(73)] ReadMemory at 0x2093ea0dd10 of 60 bytes failed: Only part of a ReadProcessMemory or WriteProcessMemory request was completed. (0x12B)
[0305/053635.727:ERROR:process_memory_win.cc(73)] ReadMemory at 0x2093ea0ddb0 of 60 bytes failed: Only part of a ReadProcessMemory or WriteProcessMemory request was completed. (0x12B)
[0305/053635.727:ERROR:process_memory_win.cc(73)] ReadMemory at 0x2093ea0de00 of 64 bytes failed: Only part of a ReadProcessMemory or WriteProcessMemory request was completed. (0x12B)
[0305/053635.727:ERROR:process_memory_win.cc(73)] ReadMemory at 0x2093ea0df40 of 62 bytes failed: Only part of a ReadProcessMemory or WriteProcessMemory request was completed. (0x12B)
[0305/053635.727:ERROR:process_memory_win.cc(73)] ReadMemory at 0x2093ea0df90 of 58 bytes failed: Only part of a ReadProcessMemory or WriteProcessMemory request was completed. (0x12B)
[0305/053635.727:ERROR:process_memory_win.cc(73)] ReadMemory at 0x2093ea0e030 of 64 bytes failed: Only part of a ReadProcessMemory or WriteProcessMemory request was completed. (0x12B)
[0305/053635.727:ERROR:process_memory_win.cc(73)] ReadMemory at 0x2093ea0e080 of 62 bytes failed: Only part of a ReadProcessMemory or WriteProcessMemory request was completed. (0x12B)
[0305/053635.728:ERROR:process_memory_win.cc(73)] ReadMemory at 0x2093ea0e0d0 of 62 bytes failed: Only part of a ReadProcessMemory or WriteProcessMemory request was completed. (0x12B)
[0305/053635.728:ERROR:process_memory_win.cc(73)] ReadMemory at 0x2093ea0e120 of 62 bytes failed: Only part of a ReadProcessMemory or WriteProcessMemory request was completed. (0x12B)
[0305/053635.728:ERROR:process_memory_win.cc(73)] ReadMemory at 0x2093ea0e170 of 64 bytes failed: Only part of a ReadProcessMemory or WriteProcessMemory request was completed. (0x12B)
[0305/053635.728:ERROR:process_memory_win.cc(73)] ReadMemory at 0x2093ea0e440 of 62 bytes failed: Only part of a ReadProcessMemory or WriteProcessMemory request was completed. (0x12B)
[0305/053635.728:ERROR:process_memory_win.cc(73)] ReadMemory at 0x2093ea0e490 of 66 bytes failed: Only part of a ReadProcessMemory or WriteProcessMemory request was completed. (0x12B)
[0305/053635.728:ERROR:process_memory_win.cc(73)] ReadMemory at 0x2093ea0e4e0 of 60 bytes failed: Only part of a ReadProcessMemory or WriteProcessMemory request was completed. (0x12B)
[0305/053635.728:ERROR:process_memory_win.cc(73)] ReadMemory at 0x2093ea0e8a0 of 62 bytes failed: Only part of a ReadProcessMemory or WriteProcessMemory request was completed. (0x12B)
[0305/053635.728:ERROR:process_memory_win.cc(73)] ReadMemory at 0x2093ea0e8f0 of 62 bytes failed: Only part of a ReadProcessMemory or WriteProcessMemory request was completed. (0x12B)
[0305/053635.728:ERROR:process_memory_win.cc(73)] ReadMemory at 0x2093ea0ea30 of 62 bytes failed: Only part of a ReadProcessMemory or WriteProcessMemory request was completed. (0x12B)
[0305/053635.728:ERROR:process_memory_win.cc(73)] ReadMemory at 0x2093ea0eb20 of 64 bytes failed: Only part of a ReadProcessMemory or WriteProcessMemory request was completed. (0x12B)
[0305/053635.728:ERROR:process_memory_win.cc(73)] ReadMemory at 0x2093ea0eb70 of 60 bytes failed: Only part of a ReadProcessMemory or WriteProcessMemory request was completed. (0x12B)
[0305/053635.728:ERROR:process_memory_win.cc(73)] ReadMemory at 0x2093ea12b60 of 132 bytes failed: Only part of a ReadProcessMemory or WriteProcessMemory request was completed. (0x12B)
[0305/053635.728:ERROR:process_memory_win.cc(73)] ReadMemory at 0x2093ea12e90 of 132 bytes failed: Only part of a ReadProcessMemory or WriteProcessMemory request was completed. (0x12B)
[0305/053635.728:ERROR:process_memory_win.cc(73)] ReadMemory at 0x2093ea12fc0 of 132 bytes failed: Only part of a ReadProcessMemory or WriteProcessMemory request was completed. (0x12B)
[0305/053635.728:ERROR:process_memory_win.cc(73)] ReadMemory at 0x2093ea13220 of 132 bytes failed: Only part of a ReadProcessMemory or WriteProcessMemory request was completed. (0x12B)
[0305/053635.728:ERROR:process_memory_win.cc(73)] ReadMemory at 0x2093ea13350 of 132 bytes failed: Only part of a ReadProcessMemory or WriteProcessMemory request was completed. (0x12B)
[0305/053635.728:ERROR:process_memory_win.cc(73)] ReadMemory at 0x2093ea13480 of 132 bytes failed: Only part of a ReadProcessMemory or WriteProcessMemory request was completed. (0x12B)
[0305/053635.728:ERROR:process_memory_win.cc(73)] ReadMemory at 0x2093ea135b0 of 132 bytes failed: Only part of a ReadProcessMemory or WriteProcessMemory request was completed. (0x12B)
[0305/053635.728:ERROR:process_memory_win.cc(73)] ReadMemory at 0x2093ea136e0 of 132 bytes failed: Only part of a ReadProcessMemory or WriteProcessMemory request was completed. (0x12B)
[0305/053635.728:ERROR:process_memory_win.cc(73)] ReadMemory at 0x2093ea13810 of 132 bytes failed: Only part of a ReadProcessMemory or WriteProcessMemory request was completed. (0x12B)
[0305/053635.729:ERROR:process_memory_win.cc(73)] ReadMemory at 0x2093ea13940 of 132 bytes failed: Only part of a ReadProcessMemory or WriteProcessMemory request was completed. (0x12B)
[0305/053635.729:ERROR:process_memory_win.cc(73)] ReadMemory at 0x2093ea13a70 of 132 bytes failed: Only part of a ReadProcessMemory or WriteProcessMemory request was completed. (0x12B)
[0305/053635.729:ERROR:process_memory_win.cc(73)] ReadMemory at 0x2093ea13ba0 of 132 bytes failed: Only part of a ReadProcessMemory or WriteProcessMemory request was completed. (0x12B)
[0305/053635.729:ERROR:process_memory_win.cc(73)] ReadMemory at 0x2093ea13cd0 of 132 bytes failed: Only part of a ReadProcessMemory or WriteProcessMemory request was completed. (0x12B)
[0305/053635.729:ERROR:process_memory_win.cc(73)] ReadMemory at 0x2093ea144c0 of 132 bytes failed: Only part of a ReadProcessMemory or WriteProcessMemory request was completed. (0x12B)
[0305/053635.729:ERROR:process_memory_win.cc(73)] ReadMemory at 0x2093ea14f20 of 76 bytes failed: Only part of a ReadProcessMemory or WriteProcessMemory request was completed. (0x12B)
[0305/053635.729:ERROR:process_memory_win.cc(73)] ReadMemory at 0x2093ea15040 of 80 bytes failed: Only part of a ReadProcessMemory or WriteProcessMemory request was completed. (0x12B)
[0305/053635.729:ERROR:process_memory_win.cc(73)] ReadMemory at 0x2093ea16cb0 of 132 bytes failed: Only part of a ReadProcessMemory or WriteProcessMemory request was completed. (0x12B)
[0305/053635.729:ERROR:process_memory_win.cc(73)] ReadMemory at 0x2093ea1a920 of 54 bytes failed: Only part of a ReadProcessMemory or WriteProcessMemory request was completed. (0x12B)
[0305/053635.729:ERROR:process_memory_win.cc(73)] ReadMemory at 0x2093ea1ab80 of 132 bytes failed: Only part of a ReadProcessMemory or WriteProcessMemory request was completed. (0x12B)
[0305/053635.729:ERROR:process_memory_win.cc(73)] ReadMemory at 0x2093ea1b4e0 of 132 bytes failed: Only part of a ReadProcessMemory or WriteProcessMemory request was completed. (0x12B)
[0305/053635.729:ERROR:process_memory_win.cc(73)] ReadMemory at 0x2093ea1b9a0 of 132 bytes failed: Only part of a ReadProcessMemory or WriteProcessMemory request was completed. (0x12B)
[0305/053635.729:ERROR:process_memory_win.cc(73)] ReadMemory at 0x2093ea1bad0 of 132 bytes failed: Only part of a ReadProcessMemory or WriteProcessMemory request was completed. (0x12B)
[0305/053635.729:ERROR:process_memory_win.cc(73)] ReadMemory at 0x2093ea1bc00 of 132 bytes failed: Only part of a ReadProcessMemory or WriteProcessMemory request was completed. (0x12B)
[0305/053635.729:ERROR:process_memory_win.cc(73)] ReadMemory at 0x2093ea1bf90 of 132 bytes failed: Only part of a ReadProcessMemory or WriteProcessMemory request was completed. (0x12B)
[0305/053635.729:ERROR:process_memory_win.cc(73)] ReadMemory at 0x2093ea1c1f0 of 132 bytes failed: Only part of a ReadProcessMemory or WriteProcessMemory request was completed. (0x12B)
[0305/053635.729:ERROR:process_memory_win.cc(73)] ReadMemory at 0x2093ea1c320 of 132 bytes failed: Only part of a ReadProcessMemory or WriteProcessMemory request was completed. (0x12B)
[0305/053635.729:ERROR:process_memory_win.cc(73)] ReadMemory at 0x2093ea1c6b0 of 132 bytes failed: Only part of a ReadProcessMemory or WriteProcessMemory request was completed. (0x12B)
[0305/053635.729:ERROR:process_memory_win.cc(73)] ReadMemory at 0x2093ea1c7e0 of 132 bytes failed: Only part of a ReadProcessMemory or WriteProcessMemory request was completed. (0x12B)
[0305/053635.729:ERROR:process_memory_win.cc(73)] ReadMemory at 0x2093ea1c910 of 132 bytes failed: Only part of a ReadProcessMemory or WriteProcessMemory request was completed. (0x12B)
[0305/053635.730:ERROR:process_memory_win.cc(73)] ReadMemory at 0x2093ea32970 of 512 bytes failed: Only part of a ReadProcessMemory or WriteProcessMemory request was completed. (0x12B)
[0305/053635.730:ERROR:process_memory_win.cc(73)] ReadMemory at 0x2093ea33820 of 512 bytes failed: Only part of a ReadProcessMemory or WriteProcessMemory request was completed. (0x12B)
[0305/053635.730:ERROR:process_memory_win.cc(73)] ReadMemory at 0x2093eda0f40 of 512 bytes failed: Only part of a ReadProcessMemory or WriteProcessMemory request was completed. (0x12B)
[0305/053635.730:ERROR:process_memory_win.cc(73)] ReadMemory at 0x2093eed46a0 of 512 bytes failed: Only part of a ReadProcessMemory or WriteProcessMemory request was completed. (0x12B)
[0305/053635.730:ERROR:process_memory_win.cc(73)] ReadMemory at 0x2093eed5710 of 512 bytes failed: Only part of a ReadProcessMemory or WriteProcessMemory request was completed. (0x12B)
[0305/053635.730:ERROR:process_memory_win.cc(73)] ReadMemory at 0x2093eed5dd0 of 512 bytes failed: Only part of a ReadProcessMemory or WriteProcessMemory request was completed. (0x12B)
[0305/053635.730:ERROR:process_memory_win.cc(73)] ReadMemory at 0x2093eede508 of 944 bytes failed: Only part of a ReadProcessMemory or WriteProcessMemory request was completed. (0x12B)
[0305/053635.730:ERROR:process_memory_win.cc(73)] ReadMemory at 0x2093eede8f8 of 512 bytes failed: Only part of a ReadProcessMemory or WriteProcessMemory request was completed. (0x12B)
[0305/053635.730:ERROR:process_memory_win.cc(73)] ReadMemory at 0x2093eeecc60 of 512 bytes failed: Only part of a ReadProcessMemory or WriteProcessMemory request was completed. (0x12B)
[0305/053635.730:ERROR:process_memory_win.cc(73)] ReadMemory at 0x2093eef6190 of 712 bytes failed: Only part of a ReadProcessMemory or WriteProcessMemory request was completed. (0x12B)
[0305/053635.730:ERROR:process_memory_win.cc(73)] ReadMemory at 0x2093ef0b658 of 512 bytes failed: Only part of a ReadProcessMemory or WriteProcessMemory request was completed. (0x12B)
[0305/053635.730:ERROR:process_memory_win.cc(73)] ReadMemory at 0x2093ef4ff70 of 512 bytes failed: Only part of a ReadProcessMemory or WriteProcessMemory request was completed. (0x12B)
[0305/053635.730:ERROR:process_memory_win.cc(73)] ReadMemory at 0x2093f060000 of 384 bytes failed: Only part of a ReadProcessMemory or WriteProcessMemory request was completed. (0x12B)
[0305/053635.730:ERROR:process_memory_win.cc(73)] ReadMemory at 0x20940d50000 of 384 bytes failed: Only part of a ReadProcessMemory or WriteProcessMemory request was completed. (0x12B)
[0305/053635.730:ERROR:process_memory_win.cc(73)] ReadMemory at 0x20940dbdbc0 of 512 bytes failed: Only part of a ReadProcessMemory or WriteProcessMemory request was completed. (0x12B)
[0305/053635.730:ERROR:process_memory_win.cc(73)] ReadMemory at 0x20940dd9b00 of 512 bytes failed: Only part of a ReadProcessMemory or WriteProcessMemory request was completed. (0x12B)
[0305/053635.730:ERROR:process_memory_win.cc(73)] ReadMemory at 0x20940e0d950 of 512 bytes failed: Only part of a ReadProcessMemory or WriteProcessMemory request was completed. (0x12B)
[0305/053635.730:ERROR:process_memory_win.cc(73)] ReadMemory at 0x20940e18340 of 512 bytes failed: Only part of a ReadProcessMemory or WriteProcessMemory request was completed. (0x12B)
[0305/053635.730:ERROR:process_memory_win.cc(73)] ReadMemory at 0x20940f15ef8 of 512 bytes failed: Only part of a ReadProcessMemory or WriteProcessMemory request was completed. (0x12B)
[0305/053635.731:ERROR:process_memory_win.cc(73)] ReadMemory at 0x7fff6689026c of 512 bytes failed: Only part of a ReadProcessMemory or WriteProcessMemory request was completed. (0x12B)
[0305/053635.731:ERROR:process_memory_win.cc(73)] ReadMemory at 0x7fff66f3e6be of 553 bytes failed: Only part of a ReadProcessMemory or WriteProcessMemory request was completed. (0x12B)
[0305/053635.731:ERROR:process_memory_win.cc(73)] ReadMemory at 0x7fffc8c1b6d0 of 512 bytes failed: Only part of a ReadProcessMemory or WriteProcessMemory request was completed. (0x12B)
[0305/053635.731:ERROR:process_memory_win.cc(73)] ReadMemory at 0x7fffcb6dc0c4 of 672 bytes failed: Only part of a ReadProcessMemory or WriteProcessMemory request was completed. (0x12B)
[0305/053635.731:ERROR:process_memory_win.cc(73)] ReadMemory at 0x7fffcb6dc6c4 of 512 bytes failed: Only part of a ReadProcessMemory or WriteProcessMemory request was completed. (0x12B)
[0305/053635.731:ERROR:process_memory_win.cc(73)] ReadMemory at 0x7fffcb6df974 of 608 bytes failed: Only part of a ReadProcessMemory or WriteProcessMemory request was completed. (0x12B)
[0305/053635.731:ERROR:process_memory_win.cc(73)] ReadMemory at 0x7fffcb76c428 of 18 bytes failed: Only part of a ReadProcessMemory or WriteProcessMemory request was completed. (0x12B)
[0305/053635.731:ERROR:process_memory_win.cc(73)] ReadMemory at 0x7fffcb79f4f8 of 40 bytes failed: Only part of a ReadProcessMemory or WriteProcessMemory request was completed. (0x12B)
[0305/053635.731:ERROR:process_memory_win.cc(73)] ReadMemory at 0x7fffcb79f978 of 48 bytes failed: Only part of a ReadProcessMemory or WriteProcessMemory request was completed. (0x12B)
[0305/053635.731:ERROR:process_memory_win.cc(73)] ReadMemory at 0x7fffcb7a53c0 of 64 bytes failed: Only part of a ReadProcessMemory or WriteProcessMemory request was completed. (0x12B)
[0305/053635.732:ERROR:scoped_process_suspend.cc(40)] NtResumeProcess: An attempt was made to access an exiting process. (0xc000010a)
